<?xml version="1.0" encoding="UTF-8"?>
<robot generator="Robot 7.1.1 (Python 3.11.3 on win32)" generated="2024-12-17T12:27:31.499986" rpa="false" schemaversion="5">
<suite id="s1" name="TC 01 Register User &amp; TC 02 Login User with correct email and password">
<suite id="s1-s1" name="TC 01 Register User" source="C:\Users\Deepak\Desktop\RobotFrameworkPOM\TestCases\TC_01_Register User.robot">
<kw name="Suite Initialization" type="SETUP">
<kw name="Initialization HomePage Variables" owner="homePage">
<kw name="Read Env File" owner="READ">
<msg time="2024-12-17T12:27:31.909310" level="INFO">${env} = &lt;configparser.ConfigParser object at 0x000002160B2FDED0&gt;</msg>
<var>${env}</var>
<arg>${ENV_FILE}</arg>
<status status="PASS" start="2024-12-17T12:27:31.908309" elapsed="0.001001"/>
</kw>
<kw name="Set Suite Variable" owner="BuiltIn">
<msg time="2024-12-17T12:27:31.910310" level="INFO">${env} = &lt;configparser.ConfigParser object at 0x000002160B2FDED0&gt;</msg>
<arg>${env}</arg>
<arg>${env}</arg>
<doc>Makes a variable available everywhere within the scope of the current suite.</doc>
<status status="PASS" start="2024-12-17T12:27:31.909310" elapsed="0.001000"/>
</kw>
<kw name="Read Yaml File" owner="READ">
<msg time="2024-12-17T12:27:31.913309" level="INFO">${HomePage} = {'Navigation_bar': {'Home_lnk': "//a[normalize-space()='Home']", 'Products_lnk': "//a[@href='/products']", 'Cart_lnk': "//a[normalize-space()='Cart']", 'SignUp_Login_lnk': "(//a[normalize-space()='Sig...</msg>
<var>${HomePage}</var>
<arg>${COMMON_YAML_FILE}</arg>
<status status="PASS" start="2024-12-17T12:27:31.910310" elapsed="0.002999"/>
</kw>
<kw name="Set Suite Variable" owner="BuiltIn">
<msg time="2024-12-17T12:27:31.913309" level="INFO">${HomePage} = {'Navigation_bar': {'Home_lnk': "//a[normalize-space()='Home']", 'Products_lnk': "//a[@href='/products']", 'Cart_lnk': "//a[normalize-space()='Cart']", 'SignUp_Login_lnk': "(//a[normalize-space()='Sig...</msg>
<arg>${HomePage}</arg>
<arg>${HomePage}</arg>
<doc>Makes a variable available everywhere within the scope of the current suite.</doc>
<status status="PASS" start="2024-12-17T12:27:31.913309" elapsed="0.000000"/>
</kw>
<status status="PASS" start="2024-12-17T12:27:31.907310" elapsed="0.005999"/>
</kw>
<kw name="Initialization LoginPage Variables" owner="loginPage">
<kw name="Read Env File" owner="READ">
<msg time="2024-12-17T12:27:31.916312" level="INFO">${env} = &lt;configparser.ConfigParser object at 0x000002160B308390&gt;</msg>
<var>${env}</var>
<arg>${ENV_FILE}</arg>
<status status="PASS" start="2024-12-17T12:27:31.915319" elapsed="0.000993"/>
</kw>
<kw name="Set Suite Variable" owner="BuiltIn">
<msg time="2024-12-17T12:27:31.917340" level="INFO">${env} = &lt;configparser.ConfigParser object at 0x000002160B308390&gt;</msg>
<arg>${env}</arg>
<arg>${env}</arg>
<doc>Makes a variable available everywhere within the scope of the current suite.</doc>
<status status="PASS" start="2024-12-17T12:27:31.916312" elapsed="0.001028"/>
</kw>
<kw name="Read Yaml File" owner="READ">
<msg time="2024-12-17T12:27:31.920331" level="INFO">${LoginPage} = {'New_User_Signup': {'Name_txtbx': "//input[@placeholder='Name']", 'Eamil_Address_txtbx': "//input[@data-qa='signup-email']", 'SignUp_btn': "//button[normalize-space()='Signup']"}, 'Login_to_your_acco...</msg>
<var>${LoginPage}</var>
<arg>${LOGIN_YAML_FILE}</arg>
<status status="PASS" start="2024-12-17T12:27:31.917340" elapsed="0.002991"/>
</kw>
<kw name="Set Suite Variable" owner="BuiltIn">
<msg time="2024-12-17T12:27:31.921329" level="INFO">${LoginPage} = {'New_User_Signup': {'Name_txtbx': "//input[@placeholder='Name']", 'Eamil_Address_txtbx': "//input[@data-qa='signup-email']", 'SignUp_btn': "//button[normalize-space()='Signup']"}, 'Login_to_your_acco...</msg>
<arg>${LoginPage}</arg>
<arg>${LoginPage}</arg>
<doc>Makes a variable available everywhere within the scope of the current suite.</doc>
<status status="PASS" start="2024-12-17T12:27:31.920331" elapsed="0.000998"/>
</kw>
<status status="PASS" start="2024-12-17T12:27:31.914310" elapsed="0.007019"/>
</kw>
<kw name="Initialization SignUpPage Variables" owner="signupPage">
<kw name="Read Env File" owner="READ">
<msg time="2024-12-17T12:27:31.922333" level="INFO">${env} = &lt;configparser.ConfigParser object at 0x000002160B309290&gt;</msg>
<var>${env}</var>
<arg>${ENV_FILE}</arg>
<status status="PASS" start="2024-12-17T12:27:31.921329" elapsed="0.001004"/>
</kw>
<kw name="Set Suite Variable" owner="BuiltIn">
<msg time="2024-12-17T12:27:31.922333" level="INFO">${env} = &lt;configparser.ConfigParser object at 0x000002160B309290&gt;</msg>
<arg>${env}</arg>
<arg>${env}</arg>
<doc>Makes a variable available everywhere within the scope of the current suite.</doc>
<status status="PASS" start="2024-12-17T12:27:31.922333" elapsed="0.001003"/>
</kw>
<kw name="Read Yaml File" owner="READ">
<msg time="2024-12-17T12:27:31.926327" level="INFO">${SignupPage} = {'Account_Information': {'Heading_txt': "//b[normalize-space()='Enter Account Information']", 'radio': {'Mr': "(//input[@name='title'])[1]", 'Mrs': "(//input[@name='title'])[2]"}, 'Name_txtbx': "//inp...</msg>
<var>${SignupPage}</var>
<arg>${SIGNUP_YAML_FILE}</arg>
<status status="PASS" start="2024-12-17T12:27:31.923336" elapsed="0.002991"/>
</kw>
<kw name="Set Suite Variable" owner="BuiltIn">
<msg time="2024-12-17T12:27:31.927328" level="INFO">${SignupPage} = {'Account_Information': {'Heading_txt': "//b[normalize-space()='Enter Account Information']", 'radio': {'Mr': "(//input[@name='title'])[1]", 'Mrs': "(//input[@name='title'])[2]"}, 'Name_txtbx': "//inp...</msg>
<arg>${SignupPage}</arg>
<arg>${SignupPage}</arg>
<doc>Makes a variable available everywhere within the scope of the current suite.</doc>
<status status="PASS" start="2024-12-17T12:27:31.926327" elapsed="0.001001"/>
</kw>
<status status="PASS" start="2024-12-17T12:27:31.921329" elapsed="0.005999"/>
</kw>
<kw name="Initialization AccountCreatedPage Variables" owner="accountCreatedPage">
<kw name="Read Yaml File" owner="READ">
<msg time="2024-12-17T12:27:31.928329" level="INFO">${AccountCreatedPage} = {'AccountCreated_txt': "//b[normalize-space()='Account Created!']", 'Continue_btn': "//a[normalize-space()='Continue']"}</msg>
<var>${AccountCreatedPage}</var>
<arg>${ACCOUNTCREATED_YAML_FILE}</arg>
<status status="PASS" start="2024-12-17T12:27:31.927328" elapsed="0.001001"/>
</kw>
<kw name="Set Suite Variable" owner="BuiltIn">
<msg time="2024-12-17T12:27:31.929331" level="INFO">${AccountCreatedPage} = {'AccountCreated_txt': "//b[normalize-space()='Account Created!']", 'Continue_btn': "//a[normalize-space()='Continue']"}</msg>
<arg>${AccountCreatedPage}</arg>
<arg>${AccountCreatedPage}</arg>
<doc>Makes a variable available everywhere within the scope of the current suite.</doc>
<status status="PASS" start="2024-12-17T12:27:31.928329" elapsed="0.001002"/>
</kw>
<status status="PASS" start="2024-12-17T12:27:31.927328" elapsed="0.002003"/>
</kw>
<kw name="Initialization DeleteAccountPage Variables" owner="deleteAccountPage">
<kw name="Read Yaml File" owner="READ">
<msg time="2024-12-17T12:27:31.930330" level="INFO">${DeleteAccountPage} = {'AccountDeleted_txt': "//b[normalize-space()='Account Deleted!']", 'Continue_btn': "//a[normalize-space()='Continue']"}</msg>
<var>${DeleteAccountPage}</var>
<arg>${DELETEACCOUNT_YAML_FILE}</arg>
<status status="PASS" start="2024-12-17T12:27:31.929331" elapsed="0.000999"/>
</kw>
<kw name="Set Suite Variable" owner="BuiltIn">
<msg time="2024-12-17T12:27:31.931321" level="INFO">${DeleteAccountPage} = {'AccountDeleted_txt': "//b[normalize-space()='Account Deleted!']", 'Continue_btn': "//a[normalize-space()='Continue']"}</msg>
<arg>${DeleteAccountPage}</arg>
<arg>${DeleteAccountPage}</arg>
<doc>Makes a variable available everywhere within the scope of the current suite.</doc>
<status status="PASS" start="2024-12-17T12:27:31.931321" elapsed="0.000000"/>
</kw>
<status status="PASS" start="2024-12-17T12:27:31.929331" elapsed="0.002983"/>
</kw>
<status status="PASS" start="2024-12-17T12:27:31.906312" elapsed="0.026002"/>
</kw>
<test id="s1-s1-t1" name="TC_001:User Registration" line="19">
<kw name="Launch browser" owner="homePage">
<kw name="Key Launch Browser" owner="CustomSeleniumLibrary">
<kw name="Open Browser" owner="SeleniumLibrary">
<msg time="2024-12-17T12:27:31.936314" level="INFO">Opening browser 'Chrome' to base url 'None'.</msg>
<arg>${NONE}</arg>
<arg>${BROWSER}</arg>
<doc>Opens a new browser instance to the optional ``url``.</doc>
<status status="PASS" start="2024-12-17T12:27:31.936314" elapsed="2.583585"/>
</kw>
<kw name="Maximize Browser Window" owner="SeleniumLibrary">
<doc>Maximizes current browser window.</doc>
<status status="PASS" start="2024-12-17T12:27:34.520901" elapsed="0.053000"/>
</kw>
<arg>${BROWSER}</arg>
<status status="PASS" start="2024-12-17T12:27:31.935324" elapsed="2.638577"/>
</kw>
<status status="PASS" start="2024-12-17T12:27:31.934317" elapsed="2.639584"/>
</kw>
<kw name="Navigate to url 'http://automationexercise.com'" owner="homePage">
<kw name="Key Navigate To Url" owner="CustomSeleniumLibrary">
<kw name="Go To" owner="SeleniumLibrary">
<msg time="2024-12-17T12:27:34.581909" level="INFO">Opening url 'http://automationexercise.com'</msg>
<arg>${URL}</arg>
<doc>Navigates the current browser window to the provided ``url``.</doc>
<status status="PASS" start="2024-12-17T12:27:34.581909" elapsed="4.229718"/>
</kw>
<arg>${env['BASIC']['URL']}</arg>
<status status="PASS" start="2024-12-17T12:27:34.579903" elapsed="4.231724"/>
</kw>
<status status="PASS" start="2024-12-17T12:27:34.579903" elapsed="4.232724"/>
</kw>
<kw name="Verify that home page is visible successfully" owner="homePage">
<kw name="Key Verify That Expected Element Is Visible Successfully" owner="CustomSeleniumLibrary">
<kw name="Wait Until Page Contains Element" owner="SeleniumLibrary">
<arg>${element}</arg>
<doc>Waits until the element ``locator`` appears on the current page.</doc>
<status status="PASS" start="2024-12-17T12:27:38.814634" elapsed="0.053009"/>
</kw>
<kw name="Element Should Be Visible" owner="SeleniumLibrary">
<msg time="2024-12-17T12:27:38.927775" level="INFO">Element '//a[normalize-space()='Home']' is displayed.</msg>
<arg>${element}</arg>
<doc>Verifies that the element identified by ``locator`` is visible.</doc>
<status status="PASS" start="2024-12-17T12:27:38.868642" elapsed="0.059133"/>
</kw>
<arg>${HomePage['Navigation_bar']['Home_lnk']}</arg>
<status status="PASS" start="2024-12-17T12:27:38.813626" elapsed="0.114149"/>
</kw>
<status status="PASS" start="2024-12-17T12:27:38.812627" elapsed="0.115148"/>
</kw>
<kw name="Click on 'Signup / Login' button" owner="homePage">
<kw name="Key Click Any Button" owner="CustomSeleniumLibrary">
<kw name="Wait Until Element Is Visible" owner="SeleniumLibrary">
<arg>${element}</arg>
<doc>Waits until the element ``locator`` is visible.</doc>
<status status="PASS" start="2024-12-17T12:27:38.930771" elapsed="0.064000"/>
</kw>
<kw name="Wait Until Element Is Enabled" owner="SeleniumLibrary">
<arg>${element}</arg>
<doc>Waits until the element ``locator`` is enabled.</doc>
<status status="PASS" start="2024-12-17T12:27:38.994771" elapsed="0.047999"/>
</kw>
<kw name="Click Element" owner="SeleniumLibrary">
<msg time="2024-12-17T12:27:39.043789" level="INFO">Clicking element '(//a[normalize-space()='Signup / Login'])[1]'.</msg>
<arg>${element}</arg>
<doc>Click the element identified by ``locator``.</doc>
<status status="PASS" start="2024-12-17T12:27:39.042770" elapsed="1.582505"/>
</kw>
<arg>${HomePage['Navigation_bar']['SignUp_Login_lnk']}</arg>
<status status="PASS" start="2024-12-17T12:27:38.929769" elapsed="1.695506"/>
</kw>
<status status="PASS" start="2024-12-17T12:27:38.928776" elapsed="1.697496"/>
</kw>
<kw name="Verify 'New User Signup!' is visible" owner="loginPage">
<kw name="Key Verify Expected Text Is Visible" owner="CustomSeleniumLibrary">
<kw name="Wait Until Page Contains" owner="SeleniumLibrary">
<arg>${text}</arg>
<doc>Waits until ``text`` appears on the current page.</doc>
<status status="PASS" start="2024-12-17T12:27:40.630269" elapsed="0.029003"/>
</kw>
<kw name="Page Should Contain" owner="SeleniumLibrary">
<msg time="2024-12-17T12:27:40.681285" level="INFO">Current page contains text 'New User Signup!'.</msg>
<arg>${text}</arg>
<doc>Verifies that current page contains ``text``.</doc>
<status status="PASS" start="2024-12-17T12:27:40.659272" elapsed="0.022013"/>
</kw>
<arg>New User Signup!</arg>
<status status="PASS" start="2024-12-17T12:27:40.629272" elapsed="0.052013"/>
</kw>
<status status="PASS" start="2024-12-17T12:27:40.628270" elapsed="0.053015"/>
</kw>
<kw name="Enter name and email address" owner="loginPage">
<kw name="Key Enter Username And Password" owner="CustomSeleniumLibrary">
<kw name="Key Input Text Into Text Field" owner="CustomSeleniumLibrary">
<kw name="Wait Until Page Contains Element" owner="SeleniumLibrary">
<arg>${element}</arg>
<doc>Waits until the element ``locator`` appears on the current page.</doc>
<status status="PASS" start="2024-12-17T12:27:40.691795" elapsed="0.059675"/>
</kw>
<kw name="Wait Until Element Is Visible" owner="SeleniumLibrary">
<arg>${element}</arg>
<doc>Waits until the element ``locator`` is visible.</doc>
<status status="PASS" start="2024-12-17T12:27:40.751470" elapsed="0.064439"/>
</kw>
<kw name="Wait Until Element Is Enabled" owner="SeleniumLibrary">
<arg>${element}</arg>
<doc>Waits until the element ``locator`` is enabled.</doc>
<status status="PASS" start="2024-12-17T12:27:40.816909" elapsed="0.062998"/>
</kw>
<kw name="Clear Element Text" owner="SeleniumLibrary">
<arg>${element}</arg>
<doc>Clears the value of the text-input-element identified by ``locator``.</doc>
<status status="PASS" start="2024-12-17T12:27:40.880909" elapsed="0.114998"/>
</kw>
<kw name="Input Text" owner="SeleniumLibrary">
<msg time="2024-12-17T12:27:40.996911" level="INFO">Typing text 'user1234' into text field '//input[@placeholder='Name']'.</msg>
<arg>${element}</arg>
<arg>${text}</arg>
<doc>Types the given ``text`` into the text field identified by ``locator``.</doc>
<status status="PASS" start="2024-12-17T12:27:40.995907" elapsed="0.268001"/>
</kw>
<arg>${usr_element}</arg>
<arg>${username}</arg>
<status status="PASS" start="2024-12-17T12:27:40.690285" elapsed="0.573623"/>
</kw>
<kw name="Key Input Text Into Text Field" owner="CustomSeleniumLibrary">
<kw name="Wait Until Page Contains Element" owner="SeleniumLibrary">
<arg>${element}</arg>
<doc>Waits until the element ``locator`` appears on the current page.</doc>
<status status="PASS" start="2024-12-17T12:27:41.265912" elapsed="0.023013"/>
</kw>
<kw name="Wait Until Element Is Visible" owner="SeleniumLibrary">
<arg>${element}</arg>
<doc>Waits until the element ``locator`` is visible.</doc>
<status status="PASS" start="2024-12-17T12:27:41.288925" elapsed="0.031814"/>
</kw>
<kw name="Wait Until Element Is Enabled" owner="SeleniumLibrary">
<arg>${element}</arg>
<doc>Waits until the element ``locator`` is enabled.</doc>
<status status="PASS" start="2024-12-17T12:27:41.321731" elapsed="0.041998"/>
</kw>
<kw name="Clear Element Text" owner="SeleniumLibrary">
<arg>${element}</arg>
<doc>Clears the value of the text-input-element identified by ``locator``.</doc>
<status status="PASS" start="2024-12-17T12:27:41.363729" elapsed="0.076006"/>
</kw>
<kw name="Input Text" owner="SeleniumLibrary">
<msg time="2024-12-17T12:27:41.440736" level="INFO">Typing text 'user12344@example.com' into text field '//input[@data-qa='signup-email']'.</msg>
<arg>${element}</arg>
<arg>${text}</arg>
<doc>Types the given ``text`` into the text field identified by ``locator``.</doc>
<status status="PASS" start="2024-12-17T12:27:41.440736" elapsed="0.254516"/>
</kw>
<arg>${password_element}</arg>
<arg>${password}</arg>
<status status="PASS" start="2024-12-17T12:27:41.264917" elapsed="0.430335"/>
</kw>
<arg>${LoginPage['New_User_Signup']['Name_txtbx']}</arg>
<arg>${env['CRED']['USERNAME']}</arg>
<arg>${LoginPage['New_User_Signup']['Eamil_Address_txtbx']}</arg>
<arg>${env['CRED']['EMAIL']}</arg>
<status status="PASS" start="2024-12-17T12:27:40.682288" elapsed="1.012964"/>
</kw>
<status status="PASS" start="2024-12-17T12:27:40.682288" elapsed="1.013966"/>
</kw>
<kw name="Click 'Signup' button" owner="loginPage">
<kw name="Key Click Any Button" owner="CustomSeleniumLibrary">
<kw name="Wait Until Element Is Visible" owner="SeleniumLibrary">
<arg>${element}</arg>
<doc>Waits until the element ``locator`` is visible.</doc>
<status status="PASS" start="2024-12-17T12:27:41.699256" elapsed="0.049996"/>
</kw>
<kw name="Wait Until Element Is Enabled" owner="SeleniumLibrary">
<arg>${element}</arg>
<doc>Waits until the element ``locator`` is enabled.</doc>
<status status="PASS" start="2024-12-17T12:27:41.749252" elapsed="0.032000"/>
</kw>
<kw name="Click Element" owner="SeleniumLibrary">
<msg time="2024-12-17T12:27:41.782251" level="INFO">Clicking element '//button[normalize-space()='Signup']'.</msg>
<arg>${element}</arg>
<doc>Click the element identified by ``locator``.</doc>
<status status="PASS" start="2024-12-17T12:27:41.781252" elapsed="2.234323"/>
</kw>
<arg>${LoginPage['New_User_Signup']['SignUp_btn']}</arg>
<status status="PASS" start="2024-12-17T12:27:41.697254" elapsed="2.318321"/>
</kw>
<status status="PASS" start="2024-12-17T12:27:41.696254" elapsed="2.319321"/>
</kw>
<kw name="Verify that 'ENTER ACCOUNT INFORMATION' is visible" owner="signupPage">
<kw name="Key Verify That Expected Element Is Visible Successfully" owner="CustomSeleniumLibrary">
<kw name="Wait Until Page Contains Element" owner="SeleniumLibrary">
<arg>${element}</arg>
<doc>Waits until the element ``locator`` appears on the current page.</doc>
<status status="PASS" start="2024-12-17T12:27:44.018572" elapsed="0.030002"/>
</kw>
<kw name="Element Should Be Visible" owner="SeleniumLibrary">
<msg time="2024-12-17T12:27:44.134571" level="INFO">Element '//b[normalize-space()='Enter Account Information']' is displayed.</msg>
<arg>${element}</arg>
<doc>Verifies that the element identified by ``locator`` is visible.</doc>
<status status="PASS" start="2024-12-17T12:27:44.048574" elapsed="0.085997"/>
</kw>
<arg>${SignupPage['Account_Information']['Heading_txt']}</arg>
<status status="PASS" start="2024-12-17T12:27:44.017575" elapsed="0.118001"/>
</kw>
<status status="PASS" start="2024-12-17T12:27:44.016580" elapsed="0.118996"/>
</kw>
<kw name="Fill details: Title, Name, Email, Password, Date of birth" owner="signupPage">
<kw name="Key Click Any Button" owner="CustomSeleniumLibrary">
<kw name="Wait Until Element Is Visible" owner="SeleniumLibrary">
<arg>${element}</arg>
<doc>Waits until the element ``locator`` is visible.</doc>
<status status="PASS" start="2024-12-17T12:27:44.144573" elapsed="0.065004"/>
</kw>
<kw name="Wait Until Element Is Enabled" owner="SeleniumLibrary">
<arg>${element}</arg>
<doc>Waits until the element ``locator`` is enabled.</doc>
<status status="PASS" start="2024-12-17T12:27:44.209577" elapsed="0.042998"/>
</kw>
<kw name="Click Element" owner="SeleniumLibrary">
<msg time="2024-12-17T12:27:44.254573" level="INFO">Clicking element '(//input[@name='title'])[2]'.</msg>
<arg>${element}</arg>
<doc>Click the element identified by ``locator``.</doc>
<status status="PASS" start="2024-12-17T12:27:44.253575" elapsed="0.143997"/>
</kw>
<arg>${SignupPage['Account_Information']['radio']['Mrs']}</arg>
<status status="PASS" start="2024-12-17T12:27:44.141575" elapsed="0.255997"/>
</kw>
<kw name="Key Input Text Into Text Field" owner="CustomSeleniumLibrary">
<kw name="Wait Until Page Contains Element" owner="SeleniumLibrary">
<arg>${element}</arg>
<doc>Waits until the element ``locator`` appears on the current page.</doc>
<status status="PASS" start="2024-12-17T12:27:44.400578" elapsed="0.025007"/>
</kw>
<kw name="Wait Until Element Is Visible" owner="SeleniumLibrary">
<arg>${element}</arg>
<doc>Waits until the element ``locator`` is visible.</doc>
<status status="PASS" start="2024-12-17T12:27:44.425585" elapsed="0.029428"/>
</kw>
<kw name="Wait Until Element Is Enabled" owner="SeleniumLibrary">
<arg>${element}</arg>
<doc>Waits until the element ``locator`` is enabled.</doc>
<status status="PASS" start="2024-12-17T12:27:44.456013" elapsed="0.053999"/>
</kw>
<kw name="Clear Element Text" owner="SeleniumLibrary">
<arg>${element}</arg>
<doc>Clears the value of the text-input-element identified by ``locator``.</doc>
<status status="PASS" start="2024-12-17T12:27:44.511011" elapsed="0.058002"/>
</kw>
<kw name="Input Text" owner="SeleniumLibrary">
<msg time="2024-12-17T12:27:44.570014" level="INFO">Typing text 'pass4567' into text field '//input[@id='password']'.</msg>
<arg>${element}</arg>
<arg>${text}</arg>
<doc>Types the given ``text`` into the text field identified by ``locator``.</doc>
<status status="PASS" start="2024-12-17T12:27:44.570014" elapsed="0.205130"/>
</kw>
<arg>${SignupPage['Account_Information']['Password_txtbx']}</arg>
<arg>${env['CRED']['PASSWORD']}</arg>
<status status="PASS" start="2024-12-17T12:27:44.398575" elapsed="0.376569"/>
</kw>
<kw name="Key Select The Label From DropDown List" owner="CustomSeleniumLibrary">
<kw name="Wait Until Element Is Visible" owner="SeleniumLibrary">
<arg>${locator}</arg>
<doc>Waits until the element ``locator`` is visible.</doc>
<status status="PASS" start="2024-12-17T12:27:44.778146" elapsed="0.041998"/>
</kw>
<kw name="Wait Until Element Is Enabled" owner="SeleniumLibrary">
<arg>${locator}</arg>
<doc>Waits until the element ``locator`` is enabled.</doc>
<status status="PASS" start="2024-12-17T12:27:44.820144" elapsed="0.044999"/>
</kw>
<kw name="Select From List By Label" owner="SeleniumLibrary">
<msg time="2024-12-17T12:27:44.865143" level="INFO">Selecting options from selection list 'name:days' by label 15.</msg>
<arg>${locator}</arg>
<arg>${value}</arg>
<doc>Selects options from selection list ``locator`` by ``labels``.</doc>
<status status="PASS" start="2024-12-17T12:27:44.865143" elapsed="0.156737"/>
</kw>
<arg>${SignupPage['Account_Information']['Date_Of_Birth_ddbx']['Day']}</arg>
<arg>15</arg>
<status status="PASS" start="2024-12-17T12:27:44.776146" elapsed="0.246732"/>
</kw>
<kw name="Key Select The Label From DropDown List" owner="CustomSeleniumLibrary">
<kw name="Wait Until Element Is Visible" owner="SeleniumLibrary">
<arg>${locator}</arg>
<doc>Waits until the element ``locator`` is visible.</doc>
<status status="PASS" start="2024-12-17T12:27:45.023882" elapsed="0.029993"/>
</kw>
<kw name="Wait Until Element Is Enabled" owner="SeleniumLibrary">
<arg>${locator}</arg>
<doc>Waits until the element ``locator`` is enabled.</doc>
<status status="PASS" start="2024-12-17T12:27:45.053875" elapsed="0.033003"/>
</kw>
<kw name="Select From List By Label" owner="SeleniumLibrary">
<msg time="2024-12-17T12:27:45.087875" level="INFO">Selecting options from selection list 'name:months' by label May.</msg>
<arg>${locator}</arg>
<arg>${value}</arg>
<doc>Selects options from selection list ``locator`` by ``labels``.</doc>
<status status="PASS" start="2024-12-17T12:27:45.086878" elapsed="0.113004"/>
</kw>
<arg>${SignupPage['Account_Information']['Date_Of_Birth_ddbx']['Month']}</arg>
<arg>May</arg>
<status status="PASS" start="2024-12-17T12:27:45.022878" elapsed="0.177998"/>
</kw>
<kw name="Key Select The Label From DropDown List" owner="CustomSeleniumLibrary">
<kw name="Wait Until Element Is Visible" owner="SeleniumLibrary">
<arg>${locator}</arg>
<doc>Waits until the element ``locator`` is visible.</doc>
<status status="PASS" start="2024-12-17T12:27:45.201871" elapsed="0.031007"/>
</kw>
<kw name="Wait Until Element Is Enabled" owner="SeleniumLibrary">
<arg>${locator}</arg>
<doc>Waits until the element ``locator`` is enabled.</doc>
<status status="PASS" start="2024-12-17T12:27:45.233874" elapsed="0.032007"/>
</kw>
<kw name="Select From List By Label" owner="SeleniumLibrary">
<msg time="2024-12-17T12:27:45.266878" level="INFO">Selecting options from selection list 'name:years' by label 1987.</msg>
<arg>${locator}</arg>
<arg>${value}</arg>
<doc>Selects options from selection list ``locator`` by ``labels``.</doc>
<status status="PASS" start="2024-12-17T12:27:45.265881" elapsed="0.099003"/>
</kw>
<arg>${SignupPage['Account_Information']['Date_Of_Birth_ddbx']['Year']}</arg>
<arg>1987</arg>
<status status="PASS" start="2024-12-17T12:27:45.200876" elapsed="0.164008"/>
</kw>
<status status="PASS" start="2024-12-17T12:27:44.137575" elapsed="1.228303"/>
</kw>
<kw name="Select checkbox 'Sign up for our newsletter!'" owner="signupPage">
<kw name="Key Select The Checkbox" owner="CustomSeleniumLibrary">
<kw name="Wait Until Element Is Visible" owner="SeleniumLibrary">
<arg>${element}</arg>
<doc>Waits until the element ``locator`` is visible.</doc>
<status status="PASS" start="2024-12-17T12:27:45.366875" elapsed="0.030000"/>
</kw>
<kw name="Wait Until Element Is Enabled" owner="SeleniumLibrary">
<arg>${element}</arg>
<doc>Waits until the element ``locator`` is enabled.</doc>
<status status="PASS" start="2024-12-17T12:27:45.397880" elapsed="0.029002"/>
</kw>
<kw name="Checkbox Should Not Be Selected" owner="SeleniumLibrary">
<msg time="2024-12-17T12:27:45.427890" level="INFO">Verifying checkbox '//input[@id='newsletter']' is not selected.</msg>
<arg>${element}</arg>
<doc>Verifies checkbox ``locator`` is not selected/checked.</doc>
<status status="PASS" start="2024-12-17T12:27:45.427890" elapsed="0.038123"/>
</kw>
<kw name="Select Checkbox" owner="SeleniumLibrary">
<msg time="2024-12-17T12:27:45.467009" level="INFO">Selecting checkbox '//input[@id='newsletter']'.</msg>
<arg>${element}</arg>
<doc>Selects the checkbox identified by ``locator``.</doc>
<status status="PASS" start="2024-12-17T12:27:45.466013" elapsed="0.120951"/>
</kw>
<arg>${SignupPage['Account_Information']['Sign_up_for_our_newsletter_chkbx']}</arg>
<status status="PASS" start="2024-12-17T12:27:45.366875" elapsed="0.220089"/>
</kw>
<status status="PASS" start="2024-12-17T12:27:45.365878" elapsed="0.221086"/>
</kw>
<kw name="Select checkbox 'Receive special offers from our partners!'" owner="signupPage">
<kw name="Key Select The Checkbox" owner="CustomSeleniumLibrary">
<kw name="Wait Until Element Is Visible" owner="SeleniumLibrary">
<arg>${element}</arg>
<doc>Waits until the element ``locator`` is visible.</doc>
<status status="PASS" start="2024-12-17T12:27:45.588971" elapsed="0.029991"/>
</kw>
<kw name="Wait Until Element Is Enabled" owner="SeleniumLibrary">
<arg>${element}</arg>
<doc>Waits until the element ``locator`` is enabled.</doc>
<status status="PASS" start="2024-12-17T12:27:45.618962" elapsed="0.030000"/>
</kw>
<kw name="Checkbox Should Not Be Selected" owner="SeleniumLibrary">
<msg time="2024-12-17T12:27:45.649965" level="INFO">Verifying checkbox '//input[@id='optin']' is not selected.</msg>
<arg>${element}</arg>
<doc>Verifies checkbox ``locator`` is not selected/checked.</doc>
<status status="PASS" start="2024-12-17T12:27:45.648962" elapsed="0.040027"/>
</kw>
<kw name="Select Checkbox" owner="SeleniumLibrary">
<msg time="2024-12-17T12:27:45.690981" level="INFO">Selecting checkbox '//input[@id='optin']'.</msg>
<arg>${element}</arg>
<doc>Selects the checkbox identified by ``locator``.</doc>
<status status="PASS" start="2024-12-17T12:27:45.689980" elapsed="0.120133"/>
</kw>
<arg>${SignupPage['Account_Information']['Receive_special_offers_from_our_partners']}</arg>
<status status="PASS" start="2024-12-17T12:27:45.587962" elapsed="0.223150"/>
</kw>
<status status="PASS" start="2024-12-17T12:27:45.586964" elapsed="0.224148"/>
</kw>
<kw name="Fill details: First name, Last name, Company, Address, Address2, Country, State, City, Zipcode, Mobile Number" owner="signupPage">
<kw name="Key Input Text Into Text Field" owner="CustomSeleniumLibrary">
<kw name="Wait Until Page Contains Element" owner="SeleniumLibrary">
<arg>${element}</arg>
<doc>Waits until the element ``locator`` appears on the current page.</doc>
<status status="PASS" start="2024-12-17T12:27:45.813110" elapsed="0.016010"/>
</kw>
<kw name="Wait Until Element Is Visible" owner="SeleniumLibrary">
<arg>${element}</arg>
<doc>Waits until the element ``locator`` is visible.</doc>
<status status="PASS" start="2024-12-17T12:27:45.830137" elapsed="0.022184"/>
</kw>
<kw name="Wait Until Element Is Enabled" owner="SeleniumLibrary">
<arg>${element}</arg>
<doc>Waits until the element ``locator`` is enabled.</doc>
<status status="PASS" start="2024-12-17T12:27:45.852321" elapsed="0.026001"/>
</kw>
<kw name="Clear Element Text" owner="SeleniumLibrary">
<arg>${element}</arg>
<doc>Clears the value of the text-input-element identified by ``locator``.</doc>
<status status="PASS" start="2024-12-17T12:27:45.879322" elapsed="0.049013"/>
</kw>
<kw name="Input Text" owner="SeleniumLibrary">
<msg time="2024-12-17T12:27:45.928335" level="INFO">Typing text 'cypress.io' into text field '//input[@id='first_name']'.</msg>
<arg>${element}</arg>
<arg>${text}</arg>
<doc>Types the given ``text`` into the text field identified by ``locator``.</doc>
<status status="PASS" start="2024-12-17T12:27:45.928335" elapsed="0.187520"/>
</kw>
<arg>${SignupPage['Address_Information']['First_Name_txtbx']}</arg>
<arg>cypress.io</arg>
<status status="PASS" start="2024-12-17T12:27:45.812110" elapsed="0.303745"/>
</kw>
<kw name="Key Input Text Into Text Field" owner="CustomSeleniumLibrary">
<kw name="Wait Until Page Contains Element" owner="SeleniumLibrary">
<arg>${element}</arg>
<doc>Waits until the element ``locator`` appears on the current page.</doc>
<status status="PASS" start="2024-12-17T12:27:46.116856" elapsed="0.016994"/>
</kw>
<kw name="Wait Until Element Is Visible" owner="SeleniumLibrary">
<arg>${element}</arg>
<doc>Waits until the element ``locator`` is visible.</doc>
<status status="PASS" start="2024-12-17T12:27:46.134852" elapsed="0.020003"/>
</kw>
<kw name="Wait Until Element Is Enabled" owner="SeleniumLibrary">
<arg>${element}</arg>
<doc>Waits until the element ``locator`` is enabled.</doc>
<status status="PASS" start="2024-12-17T12:27:46.154855" elapsed="0.031002"/>
</kw>
<kw name="Clear Element Text" owner="SeleniumLibrary">
<arg>${element}</arg>
<doc>Clears the value of the text-input-element identified by ``locator``.</doc>
<status status="PASS" start="2024-12-17T12:27:46.185857" elapsed="0.045998"/>
</kw>
<kw name="Input Text" owner="SeleniumLibrary">
<msg time="2024-12-17T12:27:46.232853" level="INFO">Typing text 'cypress.io' into text field '//input[@id='last_name']'.</msg>
<arg>${element}</arg>
<arg>${text}</arg>
<doc>Types the given ``text`` into the text field identified by ``locator``.</doc>
<status status="PASS" start="2024-12-17T12:27:46.232853" elapsed="0.182003"/>
</kw>
<arg>${SignupPage['Address_Information']['Last_Name_txtbx']}</arg>
<arg>cypress.io</arg>
<status status="PASS" start="2024-12-17T12:27:46.116856" elapsed="0.298000"/>
</kw>
<kw name="Key Input Text Into Text Field" owner="CustomSeleniumLibrary">
<kw name="Wait Until Page Contains Element" owner="SeleniumLibrary">
<arg>${element}</arg>
<doc>Waits until the element ``locator`` appears on the current page.</doc>
<status status="PASS" start="2024-12-17T12:27:46.415860" elapsed="0.017524"/>
</kw>
<kw name="Wait Until Element Is Visible" owner="SeleniumLibrary">
<arg>${element}</arg>
<doc>Waits until the element ``locator`` is visible.</doc>
<status status="PASS" start="2024-12-17T12:27:46.434386" elapsed="0.026002"/>
</kw>
<kw name="Wait Until Element Is Enabled" owner="SeleniumLibrary">
<arg>${element}</arg>
<doc>Waits until the element ``locator`` is enabled.</doc>
<status status="PASS" start="2024-12-17T12:27:46.460388" elapsed="0.031998"/>
</kw>
<kw name="Clear Element Text" owner="SeleniumLibrary">
<arg>${element}</arg>
<doc>Clears the value of the text-input-element identified by ``locator``.</doc>
<status status="PASS" start="2024-12-17T12:27:46.493391" elapsed="0.047994"/>
</kw>
<kw name="Input Text" owner="SeleniumLibrary">
<msg time="2024-12-17T12:27:46.542385" level="INFO">Typing text 'cypress.io' into text field '//input[@id='company']'.</msg>
<arg>${element}</arg>
<arg>${text}</arg>
<doc>Types the given ``text`` into the text field identified by ``locator``.</doc>
<status status="PASS" start="2024-12-17T12:27:46.541385" elapsed="0.189370"/>
</kw>
<arg>${SignupPage['Address_Information']['Company_txtbx']}</arg>
<arg>cypress.io</arg>
<status status="PASS" start="2024-12-17T12:27:46.415860" elapsed="0.314895"/>
</kw>
<kw name="Key Input Text Into Text Field" owner="CustomSeleniumLibrary">
<kw name="Wait Until Page Contains Element" owner="SeleniumLibrary">
<arg>${element}</arg>
<doc>Waits until the element ``locator`` appears on the current page.</doc>
<status status="PASS" start="2024-12-17T12:27:46.732757" elapsed="0.020998"/>
</kw>
<kw name="Wait Until Element Is Visible" owner="SeleniumLibrary">
<arg>${element}</arg>
<doc>Waits until the element ``locator`` is visible.</doc>
<status status="PASS" start="2024-12-17T12:27:46.754754" elapsed="0.024998"/>
</kw>
<kw name="Wait Until Element Is Enabled" owner="SeleniumLibrary">
<arg>${element}</arg>
<doc>Waits until the element ``locator`` is enabled.</doc>
<status status="PASS" start="2024-12-17T12:27:46.779752" elapsed="0.033001"/>
</kw>
<kw name="Clear Element Text" owner="SeleniumLibrary">
<arg>${element}</arg>
<doc>Clears the value of the text-input-element identified by ``locator``.</doc>
<status status="PASS" start="2024-12-17T12:27:46.813755" elapsed="0.053999"/>
</kw>
<kw name="Input Text" owner="SeleniumLibrary">
<msg time="2024-12-17T12:27:46.867754" level="INFO">Typing text 'cypress.io' into text field '//input[@id='address1']'.</msg>
<arg>${element}</arg>
<arg>${text}</arg>
<doc>Types the given ``text`` into the text field identified by ``locator``.</doc>
<status status="PASS" start="2024-12-17T12:27:46.867754" elapsed="0.191084"/>
</kw>
<arg>${SignupPage['Address_Information']['Address_txtbx']}</arg>
<arg>cypress.io</arg>
<status status="PASS" start="2024-12-17T12:27:46.731754" elapsed="0.327084"/>
</kw>
<kw name="Key Input Text Into Text Field" owner="CustomSeleniumLibrary">
<kw name="Wait Until Page Contains Element" owner="SeleniumLibrary">
<arg>${element}</arg>
<doc>Waits until the element ``locator`` appears on the current page.</doc>
<status status="PASS" start="2024-12-17T12:27:47.060839" elapsed="0.018003"/>
</kw>
<kw name="Wait Until Element Is Visible" owner="SeleniumLibrary">
<arg>${element}</arg>
<doc>Waits until the element ``locator`` is visible.</doc>
<status status="PASS" start="2024-12-17T12:27:47.078842" elapsed="0.021994"/>
</kw>
<kw name="Wait Until Element Is Enabled" owner="SeleniumLibrary">
<arg>${element}</arg>
<doc>Waits until the element ``locator`` is enabled.</doc>
<status status="PASS" start="2024-12-17T12:27:47.101842" elapsed="0.031995"/>
</kw>
<kw name="Clear Element Text" owner="SeleniumLibrary">
<arg>${element}</arg>
<doc>Clears the value of the text-input-element identified by ``locator``.</doc>
<status status="PASS" start="2024-12-17T12:27:47.133837" elapsed="0.050999"/>
</kw>
<kw name="Input Text" owner="SeleniumLibrary">
<msg time="2024-12-17T12:27:47.185839" level="INFO">Typing text 'cypress.io' into text field '//input[@id='address2']'.</msg>
<arg>${element}</arg>
<arg>${text}</arg>
<doc>Types the given ``text`` into the text field identified by ``locator``.</doc>
<status status="PASS" start="2024-12-17T12:27:47.184836" elapsed="0.179005"/>
</kw>
<arg>${SignupPage['Address_Information']['Address2_txtbx']}</arg>
<arg>cypress.io</arg>
<status status="PASS" start="2024-12-17T12:27:47.058838" elapsed="0.305003"/>
</kw>
<kw name="Key Select The Label From DropDown List" owner="CustomSeleniumLibrary">
<kw name="Wait Until Element Is Visible" owner="SeleniumLibrary">
<arg>${locator}</arg>
<doc>Waits until the element ``locator`` is visible.</doc>
<status status="PASS" start="2024-12-17T12:27:47.365837" elapsed="0.029001"/>
</kw>
<kw name="Wait Until Element Is Enabled" owner="SeleniumLibrary">
<arg>${locator}</arg>
<doc>Waits until the element ``locator`` is enabled.</doc>
<status status="PASS" start="2024-12-17T12:27:47.394838" elapsed="0.034007"/>
</kw>
<kw name="Select From List By Label" owner="SeleniumLibrary">
<msg time="2024-12-17T12:27:47.429840" level="INFO">Selecting options from selection list 'name:country' by label Singapore.</msg>
<arg>${locator}</arg>
<arg>${value}</arg>
<doc>Selects options from selection list ``locator`` by ``labels``.</doc>
<status status="PASS" start="2024-12-17T12:27:47.428845" elapsed="0.100613"/>
</kw>
<arg>${SignupPage['Address_Information']['Country_ddl']}</arg>
<arg>Singapore</arg>
<status status="PASS" start="2024-12-17T12:27:47.364839" elapsed="0.165621"/>
</kw>
<kw name="Key Input Text Into Text Field" owner="CustomSeleniumLibrary">
<kw name="Wait Until Page Contains Element" owner="SeleniumLibrary">
<arg>${element}</arg>
<doc>Waits until the element ``locator`` appears on the current page.</doc>
<status status="PASS" start="2024-12-17T12:27:47.531463" elapsed="0.015997"/>
</kw>
<kw name="Wait Until Element Is Visible" owner="SeleniumLibrary">
<arg>${element}</arg>
<doc>Waits until the element ``locator`` is visible.</doc>
<status status="PASS" start="2024-12-17T12:27:47.547460" elapsed="0.020998"/>
</kw>
<kw name="Wait Until Element Is Enabled" owner="SeleniumLibrary">
<arg>${element}</arg>
<doc>Waits until the element ``locator`` is enabled.</doc>
<status status="PASS" start="2024-12-17T12:27:47.568458" elapsed="0.031006"/>
</kw>
<kw name="Clear Element Text" owner="SeleniumLibrary">
<arg>${element}</arg>
<doc>Clears the value of the text-input-element identified by ``locator``.</doc>
<status status="PASS" start="2024-12-17T12:27:47.599464" elapsed="0.061004"/>
</kw>
<kw name="Input Text" owner="SeleniumLibrary">
<msg time="2024-12-17T12:27:47.661459" level="INFO">Typing text 'cypress.io' into text field '//input[@id='state']'.</msg>
<arg>${element}</arg>
<arg>${text}</arg>
<doc>Types the given ``text`` into the text field identified by ``locator``.</doc>
<status status="PASS" start="2024-12-17T12:27:47.661459" elapsed="0.185528"/>
</kw>
<arg>${SignupPage['Address_Information']['State_txtbx']}</arg>
<arg>cypress.io</arg>
<status status="PASS" start="2024-12-17T12:27:47.530460" elapsed="0.316527"/>
</kw>
<kw name="Key Input Text Into Text Field" owner="CustomSeleniumLibrary">
<kw name="Wait Until Page Contains Element" owner="SeleniumLibrary">
<arg>${element}</arg>
<doc>Waits until the element ``locator`` appears on the current page.</doc>
<status status="PASS" start="2024-12-17T12:27:47.847983" elapsed="0.019000"/>
</kw>
<kw name="Wait Until Element Is Visible" owner="SeleniumLibrary">
<arg>${element}</arg>
<doc>Waits until the element ``locator`` is visible.</doc>
<status status="PASS" start="2024-12-17T12:27:47.867990" elapsed="0.024996"/>
</kw>
<kw name="Wait Until Element Is Enabled" owner="SeleniumLibrary">
<arg>${element}</arg>
<doc>Waits until the element ``locator`` is enabled.</doc>
<status status="PASS" start="2024-12-17T12:27:47.892986" elapsed="0.034011"/>
</kw>
<kw name="Clear Element Text" owner="SeleniumLibrary">
<arg>${element}</arg>
<doc>Clears the value of the text-input-element identified by ``locator``.</doc>
<status status="PASS" start="2024-12-17T12:27:47.926997" elapsed="0.051118"/>
</kw>
<kw name="Input Text" owner="SeleniumLibrary">
<msg time="2024-12-17T12:27:47.979108" level="INFO">Typing text 'cypress.io' into text field '//input[@id='city']'.</msg>
<arg>${element}</arg>
<arg>${text}</arg>
<doc>Types the given ``text`` into the text field identified by ``locator``.</doc>
<status status="PASS" start="2024-12-17T12:27:47.978115" elapsed="0.175998"/>
</kw>
<arg>${SignupPage['Address_Information']['City_txtbx']}</arg>
<arg>cypress.io</arg>
<status status="PASS" start="2024-12-17T12:27:47.846987" elapsed="0.307126"/>
</kw>
<kw name="Key Input Text Into Text Field" owner="CustomSeleniumLibrary">
<kw name="Wait Until Page Contains Element" owner="SeleniumLibrary">
<arg>${element}</arg>
<doc>Waits until the element ``locator`` appears on the current page.</doc>
<status status="PASS" start="2024-12-17T12:27:48.155108" elapsed="0.020027"/>
</kw>
<kw name="Wait Until Element Is Visible" owner="SeleniumLibrary">
<arg>${element}</arg>
<doc>Waits until the element ``locator`` is visible.</doc>
<status status="PASS" start="2024-12-17T12:27:48.176132" elapsed="0.022810"/>
</kw>
<kw name="Wait Until Element Is Enabled" owner="SeleniumLibrary">
<arg>${element}</arg>
<doc>Waits until the element ``locator`` is enabled.</doc>
<status status="PASS" start="2024-12-17T12:27:48.198942" elapsed="0.032998"/>
</kw>
<kw name="Clear Element Text" owner="SeleniumLibrary">
<arg>${element}</arg>
<doc>Clears the value of the text-input-element identified by ``locator``.</doc>
<status status="PASS" start="2024-12-17T12:27:48.231940" elapsed="0.048000"/>
</kw>
<kw name="Input Text" owner="SeleniumLibrary">
<msg time="2024-12-17T12:27:48.280941" level="INFO">Typing text '565801' into text field '//input[@id='zipcode']'.</msg>
<arg>${element}</arg>
<arg>${text}</arg>
<doc>Types the given ``text`` into the text field identified by ``locator``.</doc>
<status status="PASS" start="2024-12-17T12:27:48.280941" elapsed="0.147016"/>
</kw>
<arg>${SignupPage['Address_Information']['Zipcode_txtbx']}</arg>
<arg>565801</arg>
<status status="PASS" start="2024-12-17T12:27:48.154113" elapsed="0.273844"/>
</kw>
<kw name="Key Input Text Into Text Field" owner="CustomSeleniumLibrary">
<kw name="Wait Until Page Contains Element" owner="SeleniumLibrary">
<arg>${element}</arg>
<doc>Waits until the element ``locator`` appears on the current page.</doc>
<status status="PASS" start="2024-12-17T12:27:48.429958" elapsed="0.021201"/>
</kw>
<kw name="Wait Until Element Is Visible" owner="SeleniumLibrary">
<arg>${element}</arg>
<doc>Waits until the element ``locator`` is visible.</doc>
<status status="PASS" start="2024-12-17T12:27:48.452157" elapsed="0.022997"/>
</kw>
<kw name="Wait Until Element Is Enabled" owner="SeleniumLibrary">
<arg>${element}</arg>
<doc>Waits until the element ``locator`` is enabled.</doc>
<status status="PASS" start="2024-12-17T12:27:48.476162" elapsed="0.031990"/>
</kw>
<kw name="Clear Element Text" owner="SeleniumLibrary">
<arg>${element}</arg>
<doc>Clears the value of the text-input-element identified by ``locator``.</doc>
<status status="PASS" start="2024-12-17T12:27:48.509156" elapsed="0.046997"/>
</kw>
<kw name="Input Text" owner="SeleniumLibrary">
<msg time="2024-12-17T12:27:48.556153" level="INFO">Typing text '9999999999' into text field '//input[@id='mobile_number']'.</msg>
<arg>${element}</arg>
<arg>${text}</arg>
<doc>Types the given ``text`` into the text field identified by ``locator``.</doc>
<status status="PASS" start="2024-12-17T12:27:48.556153" elapsed="0.172841"/>
</kw>
<arg>${SignupPage['Address_Information']['Mobile_txtbx']}</arg>
<arg>9999999999</arg>
<status status="PASS" start="2024-12-17T12:27:48.428963" elapsed="0.300031"/>
</kw>
<status status="PASS" start="2024-12-17T12:27:45.812110" elapsed="2.916884"/>
</kw>
<kw name="Click 'Create Account button'" owner="signupPage">
<kw name="Key Click Any Button" owner="CustomSeleniumLibrary">
<kw name="Wait Until Element Is Visible" owner="SeleniumLibrary">
<arg>${element}</arg>
<doc>Waits until the element ``locator`` is visible.</doc>
<status status="PASS" start="2024-12-17T12:27:48.730993" elapsed="0.030999"/>
</kw>
<kw name="Wait Until Element Is Enabled" owner="SeleniumLibrary">
<arg>${element}</arg>
<doc>Waits until the element ``locator`` is enabled.</doc>
<status status="PASS" start="2024-12-17T12:27:48.761992" elapsed="0.031998"/>
</kw>
<kw name="Click Element" owner="SeleniumLibrary">
<msg time="2024-12-17T12:27:48.794997" level="INFO">Clicking element '//button[normalize-space()='Create Account']'.</msg>
<arg>${element}</arg>
<doc>Click the element identified by ``locator``.</doc>
<status status="PASS" start="2024-12-17T12:27:48.794997" elapsed="1.667365"/>
</kw>
<arg>${SignupPage['Create_Account_btn']}</arg>
<status status="PASS" start="2024-12-17T12:27:48.729994" elapsed="1.732368"/>
</kw>
<status status="PASS" start="2024-12-17T12:27:48.729994" elapsed="1.732368"/>
</kw>
<kw name="Verify that 'ACCOUNT CREATED!' is visible" owner="accountCreatedPage">
<kw name="Key Verify That Expected Element Is Visible Successfully" owner="CustomSeleniumLibrary">
<kw name="Wait Until Page Contains Element" owner="SeleniumLibrary">
<arg>${element}</arg>
<doc>Waits until the element ``locator`` appears on the current page.</doc>
<status status="PASS" start="2024-12-17T12:27:50.467363" elapsed="0.031996"/>
</kw>
<kw name="Element Should Be Visible" owner="SeleniumLibrary">
<msg time="2024-12-17T12:27:50.927198" level="INFO">Element '//b[normalize-space()='Account Created!']' is displayed.</msg>
<arg>${element}</arg>
<doc>Verifies that the element identified by ``locator`` is visible.</doc>
<status status="PASS" start="2024-12-17T12:27:50.500367" elapsed="0.427840"/>
</kw>
<arg>${AccountCreatedPage['AccountCreated_txt']}</arg>
<status status="PASS" start="2024-12-17T12:27:50.465365" elapsed="0.462842"/>
</kw>
<status status="PASS" start="2024-12-17T12:27:50.463361" elapsed="0.464846"/>
</kw>
<kw name="Click 'Continue' button" owner="accountCreatedPage">
<kw name="Key Click Any Button" owner="CustomSeleniumLibrary">
<kw name="Wait Until Element Is Visible" owner="SeleniumLibrary">
<arg>${element}</arg>
<doc>Waits until the element ``locator`` is visible.</doc>
<status status="PASS" start="2024-12-17T12:27:50.933218" elapsed="0.169284"/>
</kw>
<kw name="Wait Until Element Is Enabled" owner="SeleniumLibrary">
<arg>${element}</arg>
<doc>Waits until the element ``locator`` is enabled.</doc>
<status status="PASS" start="2024-12-17T12:27:51.103503" elapsed="0.051000"/>
</kw>
<kw name="Click Element" owner="SeleniumLibrary">
<msg time="2024-12-17T12:27:51.155513" level="INFO">Clicking element '//a[normalize-space()='Continue']'.</msg>
<arg>${element}</arg>
<doc>Click the element identified by ``locator``.</doc>
<status status="PASS" start="2024-12-17T12:27:51.155513" elapsed="2.269574"/>
</kw>
<arg>${AccountCreatedPage['Continue_btn']}</arg>
<status status="PASS" start="2024-12-17T12:27:50.930220" elapsed="2.494867"/>
</kw>
<status status="PASS" start="2024-12-17T12:27:50.929198" elapsed="2.496893"/>
</kw>
<kw name="Verify that 'Logged in as username' is visible" owner="homePage">
<kw name="Key Verify That Expected Element Is Visible Successfully" owner="CustomSeleniumLibrary">
<kw name="Wait Until Page Contains Element" owner="SeleniumLibrary">
<arg>${element}</arg>
<doc>Waits until the element ``locator`` appears on the current page.</doc>
<status status="PASS" start="2024-12-17T12:27:53.431084" elapsed="0.019004"/>
</kw>
<kw name="Element Should Be Visible" owner="SeleniumLibrary">
<msg time="2024-12-17T12:27:53.474261" level="INFO">Element '//ul[@class='nav navbar-nav']/li/a/b' is displayed.</msg>
<arg>${element}</arg>
<doc>Verifies that the element identified by ``locator`` is visible.</doc>
<status status="PASS" start="2024-12-17T12:27:53.450088" elapsed="0.024173"/>
</kw>
<arg>${HomePage['Navigation_bar']['UserName_lnk']}</arg>
<status status="PASS" start="2024-12-17T12:27:53.428093" elapsed="0.046168"/>
</kw>
<status status="PASS" start="2024-12-17T12:27:53.426091" elapsed="0.048170"/>
</kw>
<status status="PASS" start="2024-12-17T12:27:31.932314" elapsed="21.542944"/>
</test>
<status status="PASS" start="2024-12-17T12:27:31.537559" elapsed="21.938702"/>
</suite>
<suite id="s1-s2" name="TC 02 Login User with correct email and password" source="C:\Users\Deepak\Desktop\RobotFrameworkPOM\TestCases\TC_02_Login User with correct email and password.robot">
<kw name="Suite Initialization" type="SETUP">
<kw name="Initialization HomePage Variables" owner="homePage">
<kw name="Read Env File" owner="READ">
<msg time="2024-12-17T12:27:53.548259" level="INFO">${env} = &lt;configparser.ConfigParser object at 0x000002160B371790&gt;</msg>
<var>${env}</var>
<arg>${ENV_FILE}</arg>
<status status="PASS" start="2024-12-17T12:27:53.547258" elapsed="0.002002"/>
</kw>
<kw name="Set Suite Variable" owner="BuiltIn">
<msg time="2024-12-17T12:27:53.550258" level="INFO">${env} = &lt;configparser.ConfigParser object at 0x000002160B371790&gt;</msg>
<arg>${env}</arg>
<arg>${env}</arg>
<doc>Makes a variable available everywhere within the scope of the current suite.</doc>
<status status="PASS" start="2024-12-17T12:27:53.549260" elapsed="0.000998"/>
</kw>
<kw name="Read Yaml File" owner="READ">
<msg time="2024-12-17T12:27:53.553265" level="INFO">${HomePage} = {'Navigation_bar': {'Home_lnk': "//a[normalize-space()='Home']", 'Products_lnk': "//a[@href='/products']", 'Cart_lnk': "//a[normalize-space()='Cart']", 'SignUp_Login_lnk': "(//a[normalize-space()='Sig...</msg>
<var>${HomePage}</var>
<arg>${COMMON_YAML_FILE}</arg>
<status status="PASS" start="2024-12-17T12:27:53.550258" elapsed="0.003007"/>
</kw>
<kw name="Set Suite Variable" owner="BuiltIn">
<msg time="2024-12-17T12:27:53.554262" level="INFO">${HomePage} = {'Navigation_bar': {'Home_lnk': "//a[normalize-space()='Home']", 'Products_lnk': "//a[@href='/products']", 'Cart_lnk': "//a[normalize-space()='Cart']", 'SignUp_Login_lnk': "(//a[normalize-space()='Sig...</msg>
<arg>${HomePage}</arg>
<arg>${HomePage}</arg>
<doc>Makes a variable available everywhere within the scope of the current suite.</doc>
<status status="PASS" start="2024-12-17T12:27:53.554262" elapsed="0.000000"/>
</kw>
<status status="PASS" start="2024-12-17T12:27:53.546260" elapsed="0.008002"/>
</kw>
<kw name="Initialization LoginPage Variables" owner="loginPage">
<kw name="Read Env File" owner="READ">
<msg time="2024-12-17T12:27:53.556260" level="INFO">${env} = &lt;configparser.ConfigParser object at 0x000002160B30A4D0&gt;</msg>
<var>${env}</var>
<arg>${ENV_FILE}</arg>
<status status="PASS" start="2024-12-17T12:27:53.555260" elapsed="0.001000"/>
</kw>
<kw name="Set Suite Variable" owner="BuiltIn">
<msg time="2024-12-17T12:27:53.556260" level="INFO">${env} = &lt;configparser.ConfigParser object at 0x000002160B30A4D0&gt;</msg>
<arg>${env}</arg>
<arg>${env}</arg>
<doc>Makes a variable available everywhere within the scope of the current suite.</doc>
<status status="PASS" start="2024-12-17T12:27:53.556260" elapsed="0.000000"/>
</kw>
<kw name="Read Yaml File" owner="READ">
<msg time="2024-12-17T12:27:53.560261" level="INFO">${LoginPage} = {'New_User_Signup': {'Name_txtbx': "//input[@placeholder='Name']", 'Eamil_Address_txtbx': "//input[@data-qa='signup-email']", 'SignUp_btn': "//button[normalize-space()='Signup']"}, 'Login_to_your_acco...</msg>
<var>${LoginPage}</var>
<arg>${LOGIN_YAML_FILE}</arg>
<status status="PASS" start="2024-12-17T12:27:53.557251" elapsed="0.003010"/>
</kw>
<kw name="Set Suite Variable" owner="BuiltIn">
<msg time="2024-12-17T12:27:53.561256" level="INFO">${LoginPage} = {'New_User_Signup': {'Name_txtbx': "//input[@placeholder='Name']", 'Eamil_Address_txtbx': "//input[@data-qa='signup-email']", 'SignUp_btn': "//button[normalize-space()='Signup']"}, 'Login_to_your_acco...</msg>
<arg>${LoginPage}</arg>
<arg>${LoginPage}</arg>
<doc>Makes a variable available everywhere within the scope of the current suite.</doc>
<status status="PASS" start="2024-12-17T12:27:53.561256" elapsed="0.000000"/>
</kw>
<status status="PASS" start="2024-12-17T12:27:53.555260" elapsed="0.006997"/>
</kw>
<kw name="Initialization SignUpPage Variables" owner="signupPage">
<kw name="Read Env File" owner="READ">
<msg time="2024-12-17T12:27:53.564250" level="INFO">${env} = &lt;configparser.ConfigParser object at 0x000002160B3485D0&gt;</msg>
<var>${env}</var>
<arg>${ENV_FILE}</arg>
<status status="PASS" start="2024-12-17T12:27:53.562257" elapsed="0.001993"/>
</kw>
<kw name="Set Suite Variable" owner="BuiltIn">
<msg time="2024-12-17T12:27:53.564250" level="INFO">${env} = &lt;configparser.ConfigParser object at 0x000002160B3485D0&gt;</msg>
<arg>${env}</arg>
<arg>${env}</arg>
<doc>Makes a variable available everywhere within the scope of the current suite.</doc>
<status status="PASS" start="2024-12-17T12:27:53.564250" elapsed="0.000000"/>
</kw>
<kw name="Read Yaml File" owner="READ">
<msg time="2024-12-17T12:27:53.572263" level="INFO">${SignupPage} = {'Account_Information': {'Heading_txt': "//b[normalize-space()='Enter Account Information']", 'radio': {'Mr': "(//input[@name='title'])[1]", 'Mrs': "(//input[@name='title'])[2]"}, 'Name_txtbx': "//inp...</msg>
<var>${SignupPage}</var>
<arg>${SIGNUP_YAML_FILE}</arg>
<status status="PASS" start="2024-12-17T12:27:53.565257" elapsed="0.007006"/>
</kw>
<kw name="Set Suite Variable" owner="BuiltIn">
<msg time="2024-12-17T12:27:53.573266" level="INFO">${SignupPage} = {'Account_Information': {'Heading_txt': "//b[normalize-space()='Enter Account Information']", 'radio': {'Mr': "(//input[@name='title'])[1]", 'Mrs': "(//input[@name='title'])[2]"}, 'Name_txtbx': "//inp...</msg>
<arg>${SignupPage}</arg>
<arg>${SignupPage}</arg>
<doc>Makes a variable available everywhere within the scope of the current suite.</doc>
<status status="PASS" start="2024-12-17T12:27:53.572263" elapsed="0.001003"/>
</kw>
<status status="PASS" start="2024-12-17T12:27:53.562257" elapsed="0.011009"/>
</kw>
<kw name="Initialization AccountCreatedPage Variables" owner="accountCreatedPage">
<kw name="Read Yaml File" owner="READ">
<msg time="2024-12-17T12:27:53.577257" level="INFO">${AccountCreatedPage} = {'AccountCreated_txt': "//b[normalize-space()='Account Created!']", 'Continue_btn': "//a[normalize-space()='Continue']"}</msg>
<var>${AccountCreatedPage}</var>
<arg>${ACCOUNTCREATED_YAML_FILE}</arg>
<status status="PASS" start="2024-12-17T12:27:53.576258" elapsed="0.000999"/>
</kw>
<kw name="Set Suite Variable" owner="BuiltIn">
<msg time="2024-12-17T12:27:53.578257" level="INFO">${AccountCreatedPage} = {'AccountCreated_txt': "//b[normalize-space()='Account Created!']", 'Continue_btn': "//a[normalize-space()='Continue']"}</msg>
<arg>${AccountCreatedPage}</arg>
<arg>${AccountCreatedPage}</arg>
<doc>Makes a variable available everywhere within the scope of the current suite.</doc>
<status status="PASS" start="2024-12-17T12:27:53.578257" elapsed="0.000000"/>
</kw>
<status status="PASS" start="2024-12-17T12:27:53.575258" elapsed="0.004000"/>
</kw>
<kw name="Initialization DeleteAccountPage Variables" owner="deleteAccountPage">
<kw name="Read Yaml File" owner="READ">
<msg time="2024-12-17T12:27:53.582258" level="INFO">${DeleteAccountPage} = {'AccountDeleted_txt': "//b[normalize-space()='Account Deleted!']", 'Continue_btn': "//a[normalize-space()='Continue']"}</msg>
<var>${DeleteAccountPage}</var>
<arg>${DELETEACCOUNT_YAML_FILE}</arg>
<status status="PASS" start="2024-12-17T12:27:53.580256" elapsed="0.002002"/>
</kw>
<kw name="Set Suite Variable" owner="BuiltIn">
<msg time="2024-12-17T12:27:53.583258" level="INFO">${DeleteAccountPage} = {'AccountDeleted_txt': "//b[normalize-space()='Account Deleted!']", 'Continue_btn': "//a[normalize-space()='Continue']"}</msg>
<arg>${DeleteAccountPage}</arg>
<arg>${DeleteAccountPage}</arg>
<doc>Makes a variable available everywhere within the scope of the current suite.</doc>
<status status="PASS" start="2024-12-17T12:27:53.582258" elapsed="0.001000"/>
</kw>
<status status="PASS" start="2024-12-17T12:27:53.579258" elapsed="0.004000"/>
</kw>
<status status="PASS" start="2024-12-17T12:27:53.546260" elapsed="0.036998"/>
</kw>
<test id="s1-s2-t1" name="TC_002:Login User with correct email and password" line="19">
<kw name="Launch browser" owner="homePage">
<kw name="Key Launch Browser" owner="CustomSeleniumLibrary">
<kw name="Open Browser" owner="SeleniumLibrary">
<msg time="2024-12-17T12:27:53.587257" level="INFO">Opening browser 'Chrome' to base url 'None'.</msg>
<arg>${NONE}</arg>
<arg>${BROWSER}</arg>
<doc>Opens a new browser instance to the optional ``url``.</doc>
<status status="PASS" start="2024-12-17T12:27:53.586255" elapsed="3.114284"/>
</kw>
<kw name="Maximize Browser Window" owner="SeleniumLibrary">
<doc>Maximizes current browser window.</doc>
<status status="PASS" start="2024-12-17T12:27:56.700539" elapsed="0.074141"/>
</kw>
<arg>${BROWSER}</arg>
<status status="PASS" start="2024-12-17T12:27:53.586255" elapsed="3.188425"/>
</kw>
<status status="PASS" start="2024-12-17T12:27:53.585256" elapsed="3.189424"/>
</kw>
<kw name="Navigate to url 'http://automationexercise.com'" owner="homePage">
<kw name="Key Navigate To Url" owner="CustomSeleniumLibrary">
<kw name="Go To" owner="SeleniumLibrary">
<msg time="2024-12-17T12:27:56.781682" level="INFO">Opening url 'http://automationexercise.com'</msg>
<arg>${URL}</arg>
<doc>Navigates the current browser window to the provided ``url``.</doc>
<status status="PASS" start="2024-12-17T12:27:56.780685" elapsed="5.975419"/>
</kw>
<arg>${env['BASIC']['URL']}</arg>
<status status="PASS" start="2024-12-17T12:27:56.779683" elapsed="5.976421"/>
</kw>
<status status="PASS" start="2024-12-17T12:27:56.778685" elapsed="5.977419"/>
</kw>
<kw name="Verify that home page is visible successfully" owner="homePage">
<kw name="Key Verify That Expected Element Is Visible Successfully" owner="CustomSeleniumLibrary">
<kw name="Wait Until Page Contains Element" owner="SeleniumLibrary">
<arg>${element}</arg>
<doc>Waits until the element ``locator`` appears on the current page.</doc>
<status status="PASS" start="2024-12-17T12:28:02.765102" elapsed="0.068724"/>
</kw>
<kw name="Element Should Be Visible" owner="SeleniumLibrary">
<msg time="2024-12-17T12:28:02.895419" level="INFO">Element '//a[normalize-space()='Home']' is displayed.</msg>
<arg>${element}</arg>
<doc>Verifies that the element identified by ``locator`` is visible.</doc>
<status status="PASS" start="2024-12-17T12:28:02.833826" elapsed="0.061593"/>
</kw>
<arg>${HomePage['Navigation_bar']['Home_lnk']}</arg>
<status status="PASS" start="2024-12-17T12:28:02.763105" elapsed="0.132314"/>
</kw>
<status status="PASS" start="2024-12-17T12:28:02.762103" elapsed="0.133316"/>
</kw>
<kw name="Click on 'Signup / Login' button" owner="homePage">
<kw name="Key Click Any Button" owner="CustomSeleniumLibrary">
<kw name="Wait Until Element Is Visible" owner="SeleniumLibrary">
<arg>${element}</arg>
<doc>Waits until the element ``locator`` is visible.</doc>
<status status="PASS" start="2024-12-17T12:28:02.900414" elapsed="0.118006"/>
</kw>
<kw name="Wait Until Element Is Enabled" owner="SeleniumLibrary">
<arg>${element}</arg>
<doc>Waits until the element ``locator`` is enabled.</doc>
<status status="PASS" start="2024-12-17T12:28:03.018420" elapsed="0.044003"/>
</kw>
<kw name="Click Element" owner="SeleniumLibrary">
<msg time="2024-12-17T12:28:03.063425" level="INFO">Clicking element '(//a[normalize-space()='Signup / Login'])[1]'.</msg>
<arg>${element}</arg>
<doc>Click the element identified by ``locator``.</doc>
<status status="PASS" start="2024-12-17T12:28:03.063425" elapsed="1.526752"/>
</kw>
<arg>${HomePage['Navigation_bar']['SignUp_Login_lnk']}</arg>
<status status="PASS" start="2024-12-17T12:28:02.897419" elapsed="1.692758"/>
</kw>
<status status="PASS" start="2024-12-17T12:28:02.896418" elapsed="1.693759"/>
</kw>
<kw name="Verify 'Login to your account' is visible" owner="loginPage">
<kw name="Key Verify Expected Text Is Visible" owner="CustomSeleniumLibrary">
<kw name="Wait Until Page Contains" owner="SeleniumLibrary">
<arg>${text}</arg>
<doc>Waits until ``text`` appears on the current page.</doc>
<status status="PASS" start="2024-12-17T12:28:04.593174" elapsed="0.044808"/>
</kw>
<kw name="Page Should Contain" owner="SeleniumLibrary">
<msg time="2024-12-17T12:28:04.770984" level="INFO">Current page contains text 'Login to your account'.</msg>
<arg>${text}</arg>
<doc>Verifies that current page contains ``text``.</doc>
<status status="PASS" start="2024-12-17T12:28:04.638983" elapsed="0.132001"/>
</kw>
<arg>Login to your account</arg>
<status status="PASS" start="2024-12-17T12:28:04.592180" elapsed="0.178804"/>
</kw>
<status status="PASS" start="2024-12-17T12:28:04.591176" elapsed="0.179808"/>
</kw>
<kw name="Enter correct email address and password" owner="loginPage">
<kw name="Key Enter Username And Password" owner="CustomSeleniumLibrary">
<kw name="Key Input Text Into Text Field" owner="CustomSeleniumLibrary">
<kw name="Wait Until Page Contains Element" owner="SeleniumLibrary">
<arg>${element}</arg>
<doc>Waits until the element ``locator`` appears on the current page.</doc>
<status status="PASS" start="2024-12-17T12:28:04.780982" elapsed="0.026014"/>
</kw>
<kw name="Wait Until Element Is Visible" owner="SeleniumLibrary">
<arg>${element}</arg>
<doc>Waits until the element ``locator`` is visible.</doc>
<status status="PASS" start="2024-12-17T12:28:04.808004" elapsed="0.026835"/>
</kw>
<kw name="Wait Until Element Is Enabled" owner="SeleniumLibrary">
<arg>${element}</arg>
<doc>Waits until the element ``locator`` is enabled.</doc>
<status status="PASS" start="2024-12-17T12:28:04.834839" elapsed="0.036016"/>
</kw>
<kw name="Clear Element Text" owner="SeleniumLibrary">
<arg>${element}</arg>
<doc>Clears the value of the text-input-element identified by ``locator``.</doc>
<status status="PASS" start="2024-12-17T12:28:04.871847" elapsed="0.059117"/>
</kw>
<kw name="Input Text" owner="SeleniumLibrary">
<msg time="2024-12-17T12:28:04.931959" level="INFO">Typing text 'user12344@example.com' into text field '//input[@data-qa='login-email']'.</msg>
<arg>${element}</arg>
<arg>${text}</arg>
<doc>Types the given ``text`` into the text field identified by ``locator``.</doc>
<status status="PASS" start="2024-12-17T12:28:04.930964" elapsed="0.258998"/>
</kw>
<arg>${usr_element}</arg>
<arg>${username}</arg>
<status status="PASS" start="2024-12-17T12:28:04.778979" elapsed="0.410983"/>
</kw>
<kw name="Key Input Text Into Text Field" owner="CustomSeleniumLibrary">
<kw name="Wait Until Page Contains Element" owner="SeleniumLibrary">
<arg>${element}</arg>
<doc>Waits until the element ``locator`` appears on the current page.</doc>
<status status="PASS" start="2024-12-17T12:28:05.191968" elapsed="0.034008"/>
</kw>
<kw name="Wait Until Element Is Visible" owner="SeleniumLibrary">
<arg>${element}</arg>
<doc>Waits until the element ``locator`` is visible.</doc>
<status status="PASS" start="2024-12-17T12:28:05.225976" elapsed="0.019974"/>
</kw>
<kw name="Wait Until Element Is Enabled" owner="SeleniumLibrary">
<arg>${element}</arg>
<doc>Waits until the element ``locator`` is enabled.</doc>
<status status="PASS" start="2024-12-17T12:28:05.246964" elapsed="0.028003"/>
</kw>
<kw name="Clear Element Text" owner="SeleniumLibrary">
<arg>${element}</arg>
<doc>Clears the value of the text-input-element identified by ``locator``.</doc>
<status status="PASS" start="2024-12-17T12:28:05.275967" elapsed="0.046523"/>
</kw>
<kw name="Input Text" owner="SeleniumLibrary">
<msg time="2024-12-17T12:28:05.323498" level="INFO">Typing text 'pass4567' into text field '//input[@placeholder='Password']'.</msg>
<arg>${element}</arg>
<arg>${text}</arg>
<doc>Types the given ``text`` into the text field identified by ``locator``.</doc>
<status status="PASS" start="2024-12-17T12:28:05.322490" elapsed="0.158002"/>
</kw>
<arg>${password_element}</arg>
<arg>${password}</arg>
<status status="PASS" start="2024-12-17T12:28:05.190967" elapsed="0.290528"/>
</kw>
<arg>${LoginPage['Login_to_your_account']['Email_Address_txtbx']}</arg>
<arg>${env['CRED']['EMAIL']}</arg>
<arg>${LoginPage['Login_to_your_account']['Password_txtbx']}</arg>
<arg>${env['CRED']['PASSWORD']}</arg>
<status status="PASS" start="2024-12-17T12:28:04.772984" elapsed="0.708511"/>
</kw>
<status status="PASS" start="2024-12-17T12:28:04.771975" elapsed="0.709520"/>
</kw>
<kw name="Click 'Login' button" owner="loginPage">
<kw name="Key Click Any Button" owner="CustomSeleniumLibrary">
<kw name="Wait Until Element Is Visible" owner="SeleniumLibrary">
<arg>${element}</arg>
<doc>Waits until the element ``locator`` is visible.</doc>
<status status="PASS" start="2024-12-17T12:28:05.484500" elapsed="0.026440"/>
</kw>
<kw name="Wait Until Element Is Enabled" owner="SeleniumLibrary">
<arg>${element}</arg>
<doc>Waits until the element ``locator`` is enabled.</doc>
<status status="PASS" start="2024-12-17T12:28:05.510940" elapsed="0.026001"/>
</kw>
<kw name="Click Element" owner="SeleniumLibrary">
<msg time="2024-12-17T12:28:05.537943" level="INFO">Clicking element '//button[normalize-space()='Login']'.</msg>
<arg>${element}</arg>
<doc>Click the element identified by ``locator``.</doc>
<status status="PASS" start="2024-12-17T12:28:05.537943" elapsed="1.818992"/>
</kw>
<arg>${LoginPage['Login_to_your_account']['Login_btn']}</arg>
<status status="PASS" start="2024-12-17T12:28:05.482497" elapsed="1.874438"/>
</kw>
<status status="PASS" start="2024-12-17T12:28:05.481495" elapsed="1.875440"/>
</kw>
<kw name="Verify that 'Logged in as username' is visible" owner="homePage">
<kw name="Key Verify That Expected Element Is Visible Successfully" owner="CustomSeleniumLibrary">
<kw name="Wait Until Page Contains Element" owner="SeleniumLibrary">
<arg>${element}</arg>
<doc>Waits until the element ``locator`` appears on the current page.</doc>
<status status="PASS" start="2024-12-17T12:28:07.358938" elapsed="0.032085"/>
</kw>
<kw name="Element Should Be Visible" owner="SeleniumLibrary">
<msg time="2024-12-17T12:28:07.415498" level="INFO">Element '//ul[@class='nav navbar-nav']/li/a/b' is displayed.</msg>
<arg>${element}</arg>
<doc>Verifies that the element identified by ``locator`` is visible.</doc>
<status status="PASS" start="2024-12-17T12:28:07.391023" elapsed="0.024475"/>
</kw>
<arg>${HomePage['Navigation_bar']['UserName_lnk']}</arg>
<status status="PASS" start="2024-12-17T12:28:07.357938" elapsed="0.057560"/>
</kw>
<status status="PASS" start="2024-12-17T12:28:07.357938" elapsed="0.057560"/>
</kw>
<kw name="Click 'Delete Account' button" owner="homePage">
<kw name="Key Click Any Button" owner="CustomSeleniumLibrary">
<kw name="Wait Until Element Is Visible" owner="SeleniumLibrary">
<arg>${element}</arg>
<doc>Waits until the element ``locator`` is visible.</doc>
<status status="PASS" start="2024-12-17T12:28:07.419288" elapsed="0.097404"/>
</kw>
<kw name="Wait Until Element Is Enabled" owner="SeleniumLibrary">
<arg>${element}</arg>
<doc>Waits until the element ``locator`` is enabled.</doc>
<status status="PASS" start="2024-12-17T12:28:07.516692" elapsed="0.039544"/>
</kw>
<kw name="Click Element" owner="SeleniumLibrary">
<msg time="2024-12-17T12:28:07.556785" level="INFO">Clicking element '//a[normalize-space()='Delete Account']'.</msg>
<arg>${element}</arg>
<doc>Click the element identified by ``locator``.</doc>
<status status="PASS" start="2024-12-17T12:28:07.556785" elapsed="1.646788"/>
</kw>
<arg>${HomePage['Navigation_bar']['DeleteAccount_lnk']}</arg>
<status status="PASS" start="2024-12-17T12:28:07.418299" elapsed="1.786272"/>
</kw>
<status status="PASS" start="2024-12-17T12:28:07.417274" elapsed="1.787297"/>
</kw>
<kw name="Verify that 'ACCOUNT DELETED!' is visible and click 'Continue' button" owner="deleteAccountPage">
<kw name="Key Verify That Expected Element Is Visible Successfully" owner="CustomSeleniumLibrary">
<kw name="Wait Until Page Contains Element" owner="SeleniumLibrary">
<arg>${element}</arg>
<doc>Waits until the element ``locator`` appears on the current page.</doc>
<status status="PASS" start="2024-12-17T12:28:09.209569" elapsed="0.036995"/>
</kw>
<kw name="Element Should Be Visible" owner="SeleniumLibrary">
<msg time="2024-12-17T12:28:09.291005" level="INFO">Element '//b[normalize-space()='Account Deleted!']' is displayed.</msg>
<arg>${element}</arg>
<doc>Verifies that the element identified by ``locator`` is visible.</doc>
<status status="PASS" start="2024-12-17T12:28:09.246564" elapsed="0.044981"/>
</kw>
<arg>${DeleteAccountPage['AccountDeleted_txt']}</arg>
<status status="PASS" start="2024-12-17T12:28:09.208570" elapsed="0.082975"/>
</kw>
<kw name="Key Click Any Button" owner="CustomSeleniumLibrary">
<kw name="Wait Until Element Is Visible" owner="SeleniumLibrary">
<arg>${element}</arg>
<doc>Waits until the element ``locator`` is visible.</doc>
<status status="PASS" start="2024-12-17T12:28:09.292559" elapsed="0.187480"/>
</kw>
<kw name="Wait Until Element Is Enabled" owner="SeleniumLibrary">
<arg>${element}</arg>
<doc>Waits until the element ``locator`` is enabled.</doc>
<status status="PASS" start="2024-12-17T12:28:09.481044" elapsed="0.056619"/>
</kw>
<kw name="Click Element" owner="SeleniumLibrary">
<msg time="2024-12-17T12:28:09.538270" level="INFO">Clicking element '//a[normalize-space()='Continue']'.</msg>
<arg>${element}</arg>
<doc>Click the element identified by ``locator``.</doc>
<status status="PASS" start="2024-12-17T12:28:09.538270" elapsed="1.727228"/>
</kw>
<arg>${DeleteAccountPage['Continue_btn']}</arg>
<status status="PASS" start="2024-12-17T12:28:09.291545" elapsed="1.973953"/>
</kw>
<status status="PASS" start="2024-12-17T12:28:09.207567" elapsed="2.057931"/>
</kw>
<status status="PASS" start="2024-12-17T12:27:53.583258" elapsed="17.691238"/>
</test>
<status status="PASS" start="2024-12-17T12:27:53.478257" elapsed="17.798234"/>
</suite>
<status status="PASS" start="2024-12-17T12:27:31.503335" elapsed="39.775159"/>
</suite>
<statistics>
<total>
<stat pass="2" fail="0" skip="0">All Tests</stat>
</total>
<tag>
</tag>
<suite>
<stat pass="2" fail="0" skip="0" id="s1" name="TC 01 Register User &amp; TC 02 Login User with correct email and password">TC 01 Register User &amp; TC 02 Login User with correct email and password</stat>
<stat pass="1" fail="0" skip="0" id="s1-s1" name="TC 01 Register User">TC 01 Register User &amp; TC 02 Login User with correct email and password.TC 01 Register User</stat>
<stat pass="1" fail="0" skip="0" id="s1-s2" name="TC 02 Login User with correct email and password">TC 01 Register User &amp; TC 02 Login User with correct email and password.TC 02 Login User with correct email and password</stat>
</suite>
</statistics>
<errors>
</errors>
</robot>
